

> website4@0.1.0 build /home/fernando/git/cli/apps/website
> next build

[33m[1m⚠[22m[39m Warning: Next.js inferred your workspace root, but it may not be correct.
 We detected multiple lockfiles and selected the directory of /home/fernando/git/cli/pnpm-lock.yaml as the root directory.
 To silence this warning, set `turbopack.root` in your Next.js config, or consider removing one of the lockfiles if it's not needed.
   See https://nextjs.org/docs/app/api-reference/config/next-config-js/turbopack#root-directory for more information.
 Detected additional lockfiles: 
   * /home/fernando/git/cli/apps/website/package-lock.json

[1m[38;2;173;127;168m▲ Next.js 16.1.6[39m[22m (Turbopack)

[37m[1m [22m[39m Creating an optimized production build ...
[32m[1m✓[22m[39m Compiled successfully in 1657.4ms
[?25l[37m[1m [22m[39m Running TypeScript  [36m.[39m[2K[1G[37m[1m [22m[39m Running TypeScript  [36m..[39m[2K[1G[37m[1m [22m[39m Running TypeScript  [36m...[39m[2K[1G[37m[1m [22m[39m Running TypeScript  [36m.[39m[2K[1G[37m[1m [22m[39m Running TypeScript  [36m..[39m[2K[1G[37m[1m [22m[39m Running TypeScript  [36m...[39m[2K[1G[37m[1m [22m[39m Running TypeScript  [36m.[39m[2K[1G[37m[1m [22m[39m Running TypeScript  [36m..[39m[2K[1G[37m[1m [22m[39m Running TypeScript  [36m...[39m[2K[1G[37m[1m [22m[39m Running TypeScript  [36m.[39m[2K[1G[?25h[?25l[37m[1m [22m[39m Finished TypeScript in 2.0s  [36m.[39m[2K[1G[?25h[37m[1m [22m[39m Finished TypeScript in 2.0s    [32m[1m✓[22m[39m Finished TypeScript in 2.0s 
[?25l[37m[1m [22m[39m Collecting page data using 15 workers  [36m.[39m[2K[1G[37m[1m [22m[39m Collecting page data using 15 workers  [36m..[39m[2K[1G[?25h[37m[1m [22m[39m Collecting page data using 15 workers in 317.4ms    [32m[1m✓[22m[39m Collecting page data using 15 workers in 317.4ms 
[?25l[37m[1m [22m[39m Generating static pages using 15 workers (0/6)  [36m[    ][39m[2K[1G[37m[1m [22m[39m Generating static pages using 15 workers (0/6)  [36m[=   ][39m[2K[1G[?25h[32m[1m✓[22m[39m Generating static pages using 15 workers (6/6) in 345.5ms
[?25l[37m[1m [22m[39m Finalizing page optimization  [36m.[39m[2K[1G[?25h[37m[1m [22m[39m Finalizing page optimization in 8.9ms    [32m[1m✓[22m[39m Finalizing page optimization in 8.9ms 

[4mRoute (app)[24m
┌ ○ /
├ ○ /_not-found
├ ○ /privacy
└ ○ /terms


○  (Static)  prerendered as static content

[?25h
